<?xml version="1.0" encoding="UTF-8"?>
<testsuite xmlns:xsi="http://www.w3.org/2001/XMLSchema-instance" xsi:noNamespaceSchemaLocation="https://maven.apache.org/surefire/maven-surefire-plugin/xsd/surefire-test-report-3.0.xsd" version="3.0" name="com.errigationSystem.errigationSystemApp.ErrigationSystemApplicationTests" time="4.405" tests="1" errors="0" skipped="0" failures="0">
  <properties>
[...]
</properties>
  <testcase name="contextLoads" classname="com.errigationSystem.errigationSystemApp.ErrigationSystemApplicationTests" time="0.497">
    <system-out><![CDATA[03:16:15.510 [main] INFO org.springframework.test.context.support.AnnotationConfigContextLoaderUtils -- Could not detect default configuration classes for test class [com.errigationSystem.errigationSystemApp.ErrigationSystemApplicationTests]: ErrigationSystemApplicationTests does not declare any static, non-private, non-final, nested classes annotated with @Configuration.
03:16:15.603 [main] INFO org.springframework.boot.test.context.SpringBootTestContextBootstrapper -- Found @SpringBootConfiguration com.errigationSystem.errigationSystemApp.ErrigationSystemApplication for test class com.errigationSystem.errigationSystemApp.ErrigationSystemApplicationTests

  .   ____          _            __ _ _
 /\\ / ___'_ __ _ _(_)_ __  __ _ \ \ \ \
( ( )\___ | '_ | '_| | '_ \/ _` | \ \ \ \
 \\/  ___)| |_)| | | | | || (_| |  ) ) ) )
  '  |____| .__|_| |_|_| |_\__, | / / / /
 =========|_|==============|___/=/_/_/_/
 :: Spring Boot ::                (v3.1.0)

2023-06-08T03:16:16.026+03:00  INFO 5188 --- [           main] c.e.e.ErrigationSystemApplicationTests   : Starting ErrigationSystemApplicationTests using Java 17.0.7 with PID 5188 (started by merob in C:\Users\merob\OneDrive\Desktop\errigationSystem)
2023-06-08T03:16:16.028+03:00  INFO 5188 --- [           main] c.e.e.ErrigationSystemApplicationTests   : No active profile set, falling back to 1 default profile: "default"
2023-06-08T03:16:16.618+03:00  INFO 5188 --- [           main] .s.d.r.c.RepositoryConfigurationDelegate : Bootstrapping Spring Data JPA repositories in DEFAULT mode.
2023-06-08T03:16:16.683+03:00  INFO 5188 --- [           main] .s.d.r.c.RepositoryConfigurationDelegate : Finished Spring Data repository scanning in 54 ms. Found 1 JPA repository interfaces.
2023-06-08T03:16:17.144+03:00  INFO 5188 --- [           main] o.hibernate.jpa.internal.util.LogHelper  : HHH000204: Processing PersistenceUnitInfo [name: default]
2023-06-08T03:16:17.217+03:00  INFO 5188 --- [           main] org.hibernate.Version                    : HHH000412: Hibernate ORM core version 6.2.2.Final
2023-06-08T03:16:17.219+03:00  INFO 5188 --- [           main] org.hibernate.cfg.Environment            : HHH000406: Using bytecode reflection optimizer
2023-06-08T03:16:17.411+03:00  INFO 5188 --- [           main] o.h.b.i.BytecodeProviderInitiator        : HHH000021: Bytecode provider name : bytebuddy
2023-06-08T03:16:17.535+03:00  INFO 5188 --- [           main] o.s.o.j.p.SpringPersistenceUnitInfo      : No LoadTimeWeaver setup: ignoring JPA class transformer
2023-06-08T03:16:17.551+03:00  INFO 5188 --- [           main] com.zaxxer.hikari.HikariDataSource       : HikariPool-1 - Starting...
2023-06-08T03:16:17.713+03:00  INFO 5188 --- [           main] com.zaxxer.hikari.pool.HikariPool        : HikariPool-1 - Added connection com.mysql.cj.jdbc.ConnectionImpl@6f96dd64
2023-06-08T03:16:17.715+03:00  INFO 5188 --- [           main] com.zaxxer.hikari.HikariDataSource       : HikariPool-1 - Start completed.
2023-06-08T03:16:17.759+03:00  INFO 5188 --- [           main] org.hibernate.orm.dialect                : HHH035001: Using dialect: org.hibernate.dialect.MySQLDialect, version: 8.0.32
2023-06-08T03:16:17.942+03:00  INFO 5188 --- [           main] o.h.b.i.BytecodeProviderInitiator        : HHH000021: Bytecode provider name : bytebuddy
2023-06-08T03:16:18.509+03:00  INFO 5188 --- [           main] o.h.e.t.j.p.i.JtaPlatformInitiator       : HHH000490: Using JtaPlatform implementation: [org.hibernate.engine.transaction.jta.platform.internal.NoJtaPlatform]
Hibernate: alter table plot_of_land modify column created_date  datetime(6)
Hibernate: alter table plot_of_land modify column updated_date  datetime(6)
2023-06-08T03:16:18.563+03:00  INFO 5188 --- [           main] j.LocalContainerEntityManagerFactoryBean : Initialized JPA EntityManagerFactory for persistence unit 'default'
2023-06-08T03:16:18.938+03:00  WARN 5188 --- [           main] JpaBaseConfiguration$JpaWebConfiguration : spring.jpa.open-in-view is enabled by default. Therefore, database queries may be performed during view rendering. Explicitly configure spring.jpa.open-in-view to disable this warning
2023-06-08T03:16:19.249+03:00  INFO 5188 --- [           main] c.e.e.ErrigationSystemApplicationTests   : Started ErrigationSystemApplicationTests in 3.497 seconds (process running for 4.374)
]]></system-out>
  </testcase>
</testsuite>